<?xml version="1.0" encoding="UTF-8"?>
<!-- Generated by org.testng.reporters.JUnitXMLReporter -->
<testsuite hostname="JRADHAKRLT-W10" failures="0" tests="5" name="Default test" time="190.583" errors="0" timestamp="7 Dec 2021 06:55:21 GMT">
  <testcase classname="testcase.TestHomePage" name="test_api_people_height_greater_than_200" time="92.264"/>
  <testcase classname="testcase.TestHomePage" name="test_api_people_names_in_list" time="91.326"/>
  <testcase classname="testcase.TestHomePage" name="test_api_people_total_count" time="1.077"/>
  <testcase classname="testcase.TestHomePage" name="test_endpoint_people_success" time="1.091"/>
  <testcase classname="testcase.TestHomePage" name="test_home_page_title" time="0.01"/>
</testsuite> <!-- Default test -->
