<?xml version="1.0" encoding="UTF-8"?>
<testng-results total="5" passed="5" failed="0" skipped="0">
  <reporter-output>
  </reporter-output>
  <suite started-at="2021-12-07T06:52:10Z" name="Default suite" finished-at="2021-12-07T06:55:21Z" duration-ms="190583">
    <groups>
    </groups>
    <test started-at="2021-12-07T06:52:10Z" name="Default test" finished-at="2021-12-07T06:55:21Z" duration-ms="190583">
      <class name="testcase.TestHomePage">
        <test-method is-config="true" signature="setup()[pri:0, instance:testcase.TestHomePage@3f57bcad]" started-at="2021-12-07T01:52:10Z" name="setup" finished-at="2021-12-07T01:52:15Z" duration-ms="4801" status="PASS">
          <reporter-output>
          </reporter-output>
        </test-method> <!-- setup -->
        <test-method signature="test_api_people_height_greater_than_200()[pri:0, instance:testcase.TestHomePage@3f57bcad]" started-at="2021-12-07T01:52:15Z" name="test_api_people_height_greater_than_200" finished-at="2021-12-07T01:53:47Z" duration-ms="92264" status="PASS">
          <reporter-output>
          </reporter-output>
        </test-method> <!-- test_api_people_height_greater_than_200 -->
        <test-method signature="test_api_people_names_in_list()[pri:0, instance:testcase.TestHomePage@3f57bcad]" started-at="2021-12-07T01:53:47Z" name="test_api_people_names_in_list" finished-at="2021-12-07T01:55:18Z" duration-ms="91326" status="PASS">
          <reporter-output>
          </reporter-output>
        </test-method> <!-- test_api_people_names_in_list -->
        <test-method signature="test_api_people_total_count()[pri:0, instance:testcase.TestHomePage@3f57bcad]" started-at="2021-12-07T01:55:18Z" name="test_api_people_total_count" finished-at="2021-12-07T01:55:20Z" duration-ms="1077" status="PASS">
          <reporter-output>
          </reporter-output>
        </test-method> <!-- test_api_people_total_count -->
        <test-method signature="test_endpoint_people_success()[pri:0, instance:testcase.TestHomePage@3f57bcad]" started-at="2021-12-07T01:55:20Z" name="test_endpoint_people_success" finished-at="2021-12-07T01:55:21Z" duration-ms="1091" status="PASS">
          <reporter-output>
          </reporter-output>
        </test-method> <!-- test_endpoint_people_success -->
        <test-method signature="test_home_page_title()[pri:0, instance:testcase.TestHomePage@3f57bcad]" started-at="2021-12-07T01:55:21Z" name="test_home_page_title" finished-at="2021-12-07T01:55:21Z" duration-ms="10" status="PASS">
          <reporter-output>
          </reporter-output>
        </test-method> <!-- test_home_page_title -->
      </class> <!-- testcase.TestHomePage -->
    </test> <!-- Default test -->
  </suite> <!-- Default suite -->
</testng-results>
